[2018-11-07 02:42:04] my_app.INFO: 切片 {"name":"blob","type":"application/octet-stream","tmp_name":"C:\\Users\\yixin\\AppData\\Local\\Temp\\phpD56F.tmp","error":0,"size":216487} []
[2018-11-07 02:42:04] my_app.INFO: 0 [] []
[2018-11-07 02:42:04] my_app.INFO: ext:pdf [] []
[2018-11-07 02:42:04] my_app.INFO: 切片 {"name":"blob","type":"application/octet-stream","tmp_name":"C:\\Users\\yixin\\AppData\\Local\\Temp\\phpD5CE.tmp","error":0,"size":307200} []
[2018-11-07 02:42:04] my_app.INFO: 0 [] []
[2018-11-07 02:42:04] my_app.INFO: ext:docx [] []
[2018-11-07 02:42:04] my_app.INFO: 切片 {"name":"blob","type":"application/octet-stream","tmp_name":"C:\\Users\\yixin\\AppData\\Local\\Temp\\phpD5FE.tmp","error":0,"size":307200} []
[2018-11-07 02:42:04] my_app.INFO: 0 [] []
[2018-11-07 02:42:04] my_app.INFO: ext:docx [] []
[2018-11-07 02:42:04] my_app.INFO: 切片 {"name":"blob","type":"application/octet-stream","tmp_name":"C:\\Users\\yixin\\AppData\\Local\\Temp\\phpD62E.tmp","error":0,"size":307200} []
[2018-11-07 02:42:04] my_app.INFO: 0 [] []
[2018-11-07 02:42:04] my_app.INFO: ext:docx [] []
[2018-11-07 02:42:04] my_app.INFO: 切片 {"name":"blob","type":"application/octet-stream","tmp_name":"C:\\Users\\yixin\\AppData\\Local\\Temp\\phpD65E.tmp","error":0,"size":307200} []
[2018-11-07 02:42:04] my_app.INFO: 0 [] []
[2018-11-07 02:42:04] my_app.INFO: ext:docx [] []
[2018-11-07 02:42:05] my_app.INFO: 切片 {"name":"blob","type":"application/octet-stream","tmp_name":"C:\\Users\\yixin\\AppData\\Local\\Temp\\phpD69D.tmp","error":0,"size":293013} []
[2018-11-07 02:42:05] my_app.INFO: 0 [] []
[2018-11-07 02:42:05] my_app.INFO: ext:docx [] []
[2018-11-07 02:43:31] my_app.INFO: 切片 {"name":"blob","type":"application/octet-stream","tmp_name":"C:\\Users\\yixin\\AppData\\Local\\Temp\\php28E0.tmp","error":0,"size":307200} []
[2018-11-07 02:43:31] my_app.INFO: 0 [] []
[2018-11-07 02:43:31] my_app.INFO: ext:docx [] []
[2018-11-07 02:43:31] my_app.INFO: 切片 {"name":"blob","type":"application/octet-stream","tmp_name":"C:\\Users\\yixin\\AppData\\Local\\Temp\\php293F.tmp","error":0,"size":307200} []
[2018-11-07 02:43:31] my_app.INFO: 0 [] []
[2018-11-07 02:43:31] my_app.INFO: ext:docx [] []
[2018-11-07 02:43:31] my_app.INFO: 切片 {"name":"blob","type":"application/octet-stream","tmp_name":"C:\\Users\\yixin\\AppData\\Local\\Temp\\php297E.tmp","error":0,"size":307200} []
[2018-11-07 02:43:31] my_app.INFO: 0 [] []
[2018-11-07 02:43:31] my_app.INFO: ext:docx [] []
[2018-11-07 02:43:31] my_app.INFO: 切片 {"name":"blob","type":"application/octet-stream","tmp_name":"C:\\Users\\yixin\\AppData\\Local\\Temp\\php29BE.tmp","error":0,"size":307200} []
[2018-11-07 02:43:31] my_app.INFO: 0 [] []
[2018-11-07 02:43:31] my_app.INFO: ext:docx [] []
[2018-11-07 02:43:31] my_app.INFO: 切片 {"name":"blob","type":"application/octet-stream","tmp_name":"C:\\Users\\yixin\\AppData\\Local\\Temp\\php29FD.tmp","error":0,"size":307200} []
[2018-11-07 02:43:31] my_app.INFO: 0 [] []
[2018-11-07 02:43:31] my_app.INFO: ext:docx [] []
[2018-11-07 02:43:31] my_app.INFO: 切片 {"name":"blob","type":"application/octet-stream","tmp_name":"C:\\Users\\yixin\\AppData\\Local\\Temp\\php2A3D.tmp","error":0,"size":64269} []
[2018-11-07 02:43:31] my_app.INFO: 0 [] []
[2018-11-07 02:43:31] my_app.INFO: ext:docx [] []
[2018-11-07 02:45:20] my_app.INFO: 切片 {"name":"blob","type":"application/octet-stream","tmp_name":"C:\\Users\\yixin\\AppData\\Local\\Temp\\phpD3F6.tmp","error":0,"size":9629} []
[2018-11-07 02:45:20] my_app.INFO: 0 [] []
[2018-11-07 02:45:20] my_app.INFO: ext:png [] []
[2018-11-07 02:49:39] my_app.INFO: 切片 {"name":"blob","type":"application/octet-stream","tmp_name":"C:\\Users\\yixin\\AppData\\Local\\Temp\\phpC790.tmp","error":0,"size":9629} []
[2018-11-07 02:49:39] my_app.INFO: 0 [] []
[2018-11-07 02:49:39] my_app.INFO: ext:png [] []
[2018-11-07 02:49:40] my_app.INFO: 切片 {"name":"blob","type":"application/octet-stream","tmp_name":"C:\\Users\\yixin\\AppData\\Local\\Temp\\phpC7FE.tmp","error":0,"size":307200} []
[2018-11-07 02:49:40] my_app.INFO: 0 [] []
[2018-11-07 02:49:40] my_app.INFO: ext:jpg [] []
[2018-11-07 02:49:40] my_app.INFO: 切片 {"name":"blob","type":"application/octet-stream","tmp_name":"C:\\Users\\yixin\\AppData\\Local\\Temp\\phpC82E.tmp","error":0,"size":152728} []
[2018-11-07 02:49:40] my_app.INFO: 0 [] []
[2018-11-07 02:49:40] my_app.INFO: ext:jpg [] []
[2018-11-07 03:05:39] my_app.INFO: 切片 {"name":"blob","type":"application/octet-stream","tmp_name":"C:\\Users\\yixin\\AppData\\Local\\Temp\\php6B12.tmp","error":0,"size":9629} []
[2018-11-07 03:05:39] my_app.INFO: 0 [] []
[2018-11-07 03:05:39] my_app.INFO: ext:png [] []
[2018-11-07 03:05:39] my_app.INFO: 切片 {"name":"blob","type":"application/octet-stream","tmp_name":"C:\\Users\\yixin\\AppData\\Local\\Temp\\php6B61.tmp","error":0,"size":307200} []
[2018-11-07 03:05:39] my_app.INFO: 0 [] []
[2018-11-07 03:05:39] my_app.INFO: ext:jpg [] []
[2018-11-07 03:05:39] my_app.INFO: 切片 {"name":"blob","type":"application/octet-stream","tmp_name":"C:\\Users\\yixin\\AppData\\Local\\Temp\\php6BFF.tmp","error":0,"size":152728} []
[2018-11-07 03:05:39] my_app.INFO: 0 [] []
[2018-11-07 03:05:39] my_app.INFO: ext:jpg [] []
[2018-11-07 03:07:06] my_app.INFO: 切片 {"name":"blob","type":"application/octet-stream","tmp_name":"C:\\Users\\yixin\\AppData\\Local\\Temp\\phpBFB8.tmp","error":0,"size":9629} []
[2018-11-07 03:07:06] my_app.INFO: orgFileName:file-0f109fef-2119-c924-49aa-c7b67ec8c284.png [] []
[2018-11-07 03:07:06] my_app.INFO: ext:png [] []
[2018-11-07 03:07:06] my_app.INFO: 切片 {"name":"blob","type":"application/octet-stream","tmp_name":"C:\\Users\\yixin\\AppData\\Local\\Temp\\phpBFE8.tmp","error":0,"size":307200} []
[2018-11-07 03:07:06] my_app.INFO: orgFileName:file-53dc4ace-8ec5-95d1-c1f3-2a70af49c58f.jpg [] []
[2018-11-07 03:07:06] my_app.INFO: ext:jpg [] []
[2018-11-07 03:07:06] my_app.INFO: 切片 {"name":"blob","type":"application/octet-stream","tmp_name":"C:\\Users\\yixin\\AppData\\Local\\Temp\\phpC018.tmp","error":0,"size":152728} []
[2018-11-07 03:07:06] my_app.INFO: orgFileName:file-53dc4ace-8ec5-95d1-c1f3-2a70af49c58f.jpg [] []
[2018-11-07 03:07:06] my_app.INFO: ext:jpg [] []
[2018-11-07 03:07:59] my_app.INFO: 切片 {"name":"blob","type":"application/octet-stream","tmp_name":"C:\\Users\\yixin\\AppData\\Local\\Temp\\php8FDD.tmp","error":0,"size":9629} []
[2018-11-07 03:07:59] my_app.INFO: orgFileName:file-8293650e-03f8-5784-05e4-0eed58e81375.png [] []
[2018-11-07 03:07:59] my_app.INFO: ext:png [] []
[2018-11-07 03:07:59] my_app.INFO: 切片 {"name":"blob","type":"application/octet-stream","tmp_name":"C:\\Users\\yixin\\AppData\\Local\\Temp\\php900C.tmp","error":0,"size":307200} []
[2018-11-07 03:07:59] my_app.INFO: orgFileName:file-af267823-3fd0-ea2a-8690-12d750a94af7.jpg [] []
[2018-11-07 03:07:59] my_app.INFO: ext:jpg [] []
[2018-11-07 03:07:59] my_app.INFO: 切片 {"name":"blob","type":"application/octet-stream","tmp_name":"C:\\Users\\yixin\\AppData\\Local\\Temp\\php903C.tmp","error":0,"size":152728} []
[2018-11-07 03:07:59] my_app.INFO: orgFileName:file-af267823-3fd0-ea2a-8690-12d750a94af7.jpg [] []
[2018-11-07 03:07:59] my_app.INFO: ext:jpg [] []
[2018-11-07 03:10:55] my_app.INFO: 切片 {"name":"blob","type":"application/octet-stream","tmp_name":"C:\\Users\\yixin\\AppData\\Local\\Temp\\php3E27.tmp","error":0,"size":9629} []
[2018-11-07 03:10:55] my_app.INFO: orgFileName:file-c23cfba4-c83b-670e-caf6-2fc6b743c134.png [] []
[2018-11-07 03:10:55] my_app.INFO: ext:png [] []
[2018-11-07 03:10:55] my_app.INFO: 切片 {"name":"blob","type":"application/octet-stream","tmp_name":"C:\\Users\\yixin\\AppData\\Local\\Temp\\php3E67.tmp","error":0,"size":307200} []
[2018-11-07 03:10:55] my_app.INFO: orgFileName:file-9d4c2f8c-8cb7-fde9-3759-6ee0cd78a82d.jpg [] []
[2018-11-07 03:10:55] my_app.INFO: ext:jpg [] []
[2018-11-07 03:10:55] my_app.INFO: 切片 {"name":"blob","type":"application/octet-stream","tmp_name":"C:\\Users\\yixin\\AppData\\Local\\Temp\\php3E96.tmp","error":0,"size":152728} []
[2018-11-07 03:10:55] my_app.INFO: orgFileName:file-9d4c2f8c-8cb7-fde9-3759-6ee0cd78a82d.jpg [] []
[2018-11-07 03:10:55] my_app.INFO: ext:jpg [] []
